TN:
SF:src/modules/users/services/AuthenticateUserService.ts
FN:12,AuthenticateUsersSerivce
FN:14,Object.<anonymous>.AuthenticateUsersSerivce.execute
FNF:2
FNH:2
FNDA:3,AuthenticateUsersSerivce
FNDA:3,Object.<anonymous>.AuthenticateUsersSerivce.execute
DA:1,1
DA:2,1
DA:3,1
DA:4,1
DA:5,1
DA:6,1
DA:7,1
DA:8,1
DA:9,1
DA:10,1
DA:11,1
DA:12,1
DA:13,1
DA:14,1
DA:15,3
DA:16,3
DA:17,3
DA:18,1
DA:19,1
DA:20,2
DA:21,2
DA:22,3
DA:23,3
DA:24,3
DA:25,3
DA:26,0
DA:27,0
DA:28,0
DA:29,0
DA:30,0
DA:31,0
DA:32,0
DA:33,0
DA:34,0
DA:35,0
DA:36,0
DA:37,0
DA:38,3
DA:39,1
LF:39
LH:27
BRDA:11,0,0,1
BRDA:12,1,0,3
BRDA:14,2,0,3
BRDA:15,3,0,3
BRDA:17,4,0,1
BRDA:20,5,0,2
BRDA:26,6,0,0
BRF:7
BRH:6
end_of_record
TN:
SF:src/modules/users/services/CreateUsersServices.ts
FN:12,CreateUsersService
FN:14,Object.<anonymous>.CreateUsersService.create
FNF:2
FNH:2
FNDA:5,CreateUsersService
FNDA:6,Object.<anonymous>.CreateUsersService.create
DA:1,1
DA:2,1
DA:3,1
DA:4,1
DA:5,1
DA:6,1
DA:7,1
DA:8,1
DA:9,1
DA:10,1
DA:11,2
DA:12,2
DA:13,2
DA:14,2
DA:15,6
DA:16,6
DA:17,6
DA:18,6
DA:19,6
DA:20,6
DA:21,6
DA:22,1
DA:23,1
DA:24,5
DA:25,5
DA:26,6
DA:27,6
DA:28,6
DA:29,6
DA:30,6
DA:31,6
DA:32,6
DA:33,6
DA:34,6
DA:35,2
LF:35
LH:35
BRDA:11,0,0,2
BRDA:12,1,0,5
BRDA:14,2,0,6
BRDA:19,3,0,6
BRDA:21,4,0,1
BRDA:24,5,0,5
BRF:6
BRH:6
end_of_record
