TN:
SF:src/modules/users/services/AuthenticateUserService.ts
FN:14,AuthenticateUsersSerivce
FN:22,Object.<anonymous>.AuthenticateUsersSerivce.execute
FNF:2
FNH:2
FNDA:3,AuthenticateUsersSerivce
FNDA:3,Object.<anonymous>.AuthenticateUsersSerivce.execute
DA:1,1
DA:2,1
DA:3,1
DA:4,1
DA:5,1
DA:6,1
DA:7,1
DA:8,1
DA:9,1
DA:10,1
DA:11,1
DA:12,1
DA:13,1
DA:14,1
DA:15,3
DA:16,3
DA:17,3
DA:18,3
DA:19,3
DA:20,3
DA:21,1
DA:22,1
DA:23,3
DA:24,3
DA:25,3
DA:26,1
DA:27,1
DA:28,2
DA:29,2
DA:30,2
DA:31,2
DA:32,2
DA:33,3
DA:34,3
DA:35,1
DA:36,1
DA:37,1
DA:38,1
DA:39,1
DA:40,1
DA:41,1
DA:42,1
DA:43,1
DA:44,1
DA:45,1
DA:46,1
DA:47,1
DA:48,1
DA:49,3
DA:50,1
LF:50
LH:50
BRDA:13,0,0,1
BRDA:14,1,0,3
BRDA:22,2,0,3
BRDA:23,3,0,3
BRDA:25,4,0,1
BRDA:28,5,0,2
BRDA:34,6,0,1
BRF:7
BRH:7
end_of_record
TN:
SF:src/modules/users/services/CreateUsersServices.ts
FN:14,CreateUsersService
FN:22,Object.<anonymous>.CreateUsersService.create
FNF:2
FNH:2
FNDA:4,CreateUsersService
FNDA:5,Object.<anonymous>.CreateUsersService.create
DA:1,1
DA:2,1
DA:3,1
DA:4,1
DA:5,1
DA:6,1
DA:7,1
DA:8,1
DA:9,1
DA:10,1
DA:11,1
DA:12,1
DA:13,2
DA:14,2
DA:15,4
DA:16,4
DA:17,4
DA:18,4
DA:19,4
DA:20,4
DA:21,2
DA:22,2
DA:23,5
DA:24,5
DA:25,5
DA:26,5
DA:27,5
DA:28,5
DA:29,5
DA:30,1
DA:31,1
DA:32,4
DA:33,4
DA:34,5
DA:35,5
DA:36,5
DA:37,5
DA:38,5
DA:39,5
DA:40,5
DA:41,5
DA:42,5
DA:43,2
LF:43
LH:43
BRDA:13,0,0,2
BRDA:14,1,0,4
BRDA:22,2,0,5
BRDA:27,3,0,5
BRDA:29,4,0,1
BRDA:32,5,0,4
BRF:6
BRH:6
end_of_record
